SF:lib/src/core/network/dio_client.dart
DA:19,0
DA:20,0
DA:21,0
DA:22,0
DA:24,0
DA:25,0
DA:26,0
DA:27,0
DA:28,0
DA:30,0
DA:31,0
DA:32,0
DA:47,0
DA:55,0
DA:69,0
DA:79,0
DA:95,0
DA:105,0
DA:121,0
DA:131,0
DA:147,0
DA:157,0
DA:164,0
LF:23
LH:0
end_of_record
SF:lib/src/core/network/network_exception.dart
DA:8,2
DA:9,2
DA:10,2
DA:11,0
DA:14,2
DA:15,0
DA:18,2
DA:19,0
DA:22,2
DA:23,0
DA:26,2
DA:27,0
DA:28,0
DA:31,0
DA:35,2
DA:36,0
DA:39,2
DA:43,2
DA:44,6
DA:45,0
DA:48,2
DA:56,1
DA:57,2
LF:23
LH:14
end_of_record
SF:lib/src/data/datasource/local/app_database.g.dart
DA:13,0
DA:14,0
DA:19,0
DA:20,0
DA:24,0
DA:33,0
DA:34,0
DA:39,0
DA:40,0
DA:45,0
DA:46,0
DA:47,0
DA:49,0
DA:50,0
DA:52,0
DA:53,0
DA:60,0
DA:61,0
DA:66,0
DA:71,0
DA:73,0
DA:74,0
DA:75,0
DA:77,0
DA:78,0
DA:80,0
DA:81,0
DA:84,0
DA:86,0
DA:87,0
DA:90,0
DA:93,0
DA:96,0
DA:98,0
DA:103,0
DA:106,0
DA:107,0
DA:110,0
DA:111,0
DA:112,0
DA:113,0
DA:114,0
DA:115,0
DA:116,0
DA:117,0
DA:118,0
DA:119,0
DA:120,0
DA:121,0
DA:122,0
DA:123,0
DA:124,0
DA:125,0
DA:126,0
DA:127,0
DA:129,0
DA:132,0
DA:133,0
DA:134,0
DA:135,0
DA:136,0
DA:137,0
DA:138,0
DA:139,0
DA:140,0
DA:141,0
DA:142,0
DA:143,0
DA:144,0
DA:145,0
DA:146,0
DA:147,0
DA:148,0
DA:149,0
DA:150,0
DA:163,0
DA:165,0
DA:166,0
DA:167,0
DA:168,0
DA:169,0
DA:170,0
DA:171,0
DA:172,0
DA:173,0
DA:174,0
DA:175,0
DA:176,0
DA:177,0
DA:178,0
DA:179,0
DA:180,0
DA:181,0
DA:182,0
DA:183,0
DA:186,0
DA:188,0
DA:192,0
DA:194,0
LF:99
LH:0
end_of_record
SF:lib/src/data/models/article_list_model/article_list_model.dart
DA:17,2
DA:24,2
DA:25,1
DA:26,1
DA:27,1
DA:28,5
DA:30,2
DA:31,2
DA:34,0
DA:36,0
DA:37,0
LF:11
LH:8
end_of_record
SF:lib/src/data/models/article_list_model/article_list_model.g.dart
DA:9,2
DA:10,2
DA:11,2
DA:12,2
DA:13,2
DA:14,2
DA:15,6
DA:16,2
DA:19,0
DA:20,0
DA:21,0
DA:22,0
DA:23,0
DA:24,0
LF:14
LH:8
end_of_record
SF:lib/src/data/models/article_model/article_model.dart
DA:42,2
DA:66,2
DA:67,1
DA:68,1
DA:69,1
DA:70,1
DA:71,1
DA:72,1
DA:73,1
DA:74,8
DA:75,5
DA:76,1
DA:77,1
DA:78,1
DA:79,1
DA:80,1
DA:81,1
DA:82,1
DA:83,1
DA:84,1
DA:85,6
DA:88,2
DA:89,2
DA:92,0
DA:94,0
DA:96,0
DA:97,0
DA:98,0
DA:99,0
DA:100,0
DA:101,0
DA:102,0
DA:103,0
DA:104,0
DA:105,0
DA:106,0
DA:107,0
DA:108,0
DA:109,0
DA:110,0
DA:111,0
DA:112,0
DA:113,0
DA:114,0
DA:115,0
DA:116,0
DA:117,0
LF:47
LH:23
end_of_record
SF:lib/src/data/models/article_model/article_model.g.dart
DA:9,4
DA:10,2
DA:11,2
DA:12,2
DA:13,2
DA:14,2
DA:15,2
DA:16,2
DA:17,2
DA:18,2
DA:19,2
DA:20,2
DA:21,2
DA:22,2
DA:23,2
DA:24,2
DA:25,2
DA:26,4
DA:27,2
DA:28,2
DA:29,4
DA:30,2
DA:31,2
DA:32,4
DA:33,2
DA:34,2
DA:35,4
DA:36,2
DA:37,2
DA:38,6
DA:39,2
DA:40,2
DA:43,0
DA:44,0
DA:45,0
DA:46,0
DA:47,0
DA:48,0
DA:49,0
DA:50,0
DA:51,0
DA:52,0
DA:53,0
DA:54,0
DA:55,0
DA:56,0
DA:57,0
DA:58,0
DA:59,0
DA:60,0
DA:61,0
DA:62,0
DA:63,0
DA:64,0
DA:65,0
LF:55
LH:32
end_of_record
SF:lib/src/domain/entities/_lite/lite_article_entity.dart
DA:26,1
DA:46,0
DA:47,0
DA:48,0
DA:49,0
DA:50,0
DA:51,0
DA:52,0
DA:53,0
DA:54,0
DA:55,0
DA:56,0
DA:57,0
DA:58,0
DA:59,0
DA:60,0
DA:61,0
DA:62,0
DA:63,0
LF:19
LH:1
end_of_record
SF:lib/src/domain/entities/article/article.dart
DA:27,2
DA:49,0
DA:50,0
DA:51,0
DA:52,0
DA:53,0
DA:54,0
DA:55,0
DA:56,0
DA:57,0
DA:58,0
DA:59,0
DA:60,0
DA:61,0
DA:62,0
DA:63,0
DA:64,0
DA:65,0
DA:66,0
LF:19
LH:1
end_of_record
SF:lib/src/domain/entities/article/media.dart
DA:11,1
LF:1
LH:1
end_of_record
SF:lib/src/domain/entities/article_list/article_list.dart
DA:9,2
LF:1
LH:1
end_of_record
SF:lib/src/domain/usecases/article_usecases.dart
DA:12,1
DA:15,1
DA:16,2
DA:19,3
DA:21,1
DA:22,2
DA:24,1
DA:25,2
LF:8
LH:8
end_of_record
SF:lib/src/core/constants/app_constants.dart
DA:4,0
DA:5,0
LF:2
LH:0
end_of_record
SF:lib/src/data/models/article_model/media_model.dart
DA:20,2
DA:29,2
DA:30,1
DA:31,1
DA:32,1
DA:33,5
DA:34,1
DA:35,1
DA:38,4
DA:40,0
DA:42,0
DA:44,0
DA:45,0
DA:46,0
DA:47,0
DA:48,0
DA:49,0
DA:50,0
LF:18
LH:9
end_of_record
SF:lib/src/data/models/article_model/media_model.g.dart
DA:9,4
DA:10,2
DA:11,2
DA:12,2
DA:13,2
DA:14,2
DA:15,2
DA:16,6
DA:17,2
DA:20,0
DA:21,0
DA:22,0
DA:23,0
DA:24,0
DA:25,0
DA:26,0
DA:27,0
LF:17
LH:9
end_of_record
SF:lib/src/data/models/article_model/media_meta_data_model.dart
DA:15,2
DA:17,2
DA:18,2
DA:21,2
DA:22,1
DA:23,1
DA:24,1
DA:25,1
DA:28,0
DA:30,0
DA:31,0
LF:11
LH:8
end_of_record
SF:lib/src/data/models/article_model/media_meta_data_model.g.dart
DA:9,2
DA:10,2
DA:11,2
DA:12,2
DA:13,2
DA:14,2
DA:17,0
DA:18,0
DA:19,0
DA:20,0
DA:21,0
DA:22,0
LF:12
LH:6
end_of_record
SF:lib/src/domain/entities/article/media_meta_data.dart
DA:7,1
LF:1
LH:1
end_of_record
SF:lib/src/presentation/bloc/delete_bookmark_article/delete_bookmark_article_state.dart
DA:4,3
DA:6,1
DA:7,1
DA:11,2
DA:15,2
DA:19,2
DA:23,1
DA:24,2
DA:28,2
LF:9
LH:9
end_of_record
SF:lib/src/presentation/bloc/delete_bookmark_article/delete_bookmark_article_bloc.dart
DA:13,2
DA:14,2
DA:17,1
DA:19,1
DA:21,3
DA:23,1
DA:24,3
DA:25,2
LF:8
LH:8
end_of_record
SF:lib/src/presentation/bloc/delete_bookmark_article/delete_bookmark_article_event.dart
DA:4,1
DA:6,0
DA:7,0
DA:11,1
DA:15,0
DA:16,0
LF:6
LH:2
end_of_record
SF:lib/src/presentation/bloc/add_bookmark_article/add_bookmark_article_state.dart
DA:4,3
DA:6,1
DA:7,1
DA:11,2
DA:15,2
DA:19,2
DA:23,1
DA:24,2
DA:28,2
DA:30,1
DA:31,1
LF:11
LH:11
end_of_record
SF:lib/src/presentation/bloc/add_bookmark_article/add_bookmark_article_bloc.dart
DA:13,2
DA:14,2
DA:17,1
DA:18,1
DA:20,3
DA:22,1
DA:23,3
DA:24,2
LF:8
LH:8
end_of_record
SF:lib/src/presentation/bloc/add_bookmark_article/add_bookmark_article_event.dart
DA:4,1
DA:6,0
DA:7,0
DA:11,1
DA:15,0
DA:16,0
LF:6
LH:2
end_of_record
SF:lib/src/presentation/bloc/get_most_popular_articles/get_most_popular_articles_state.dart
DA:4,3
DA:6,1
DA:7,1
DA:11,2
DA:15,2
DA:19,2
DA:23,1
DA:24,2
DA:28,2
DA:32,1
DA:33,2
DA:37,1
DA:41,1
DA:42,2
LF:14
LH:14
end_of_record
SF:lib/src/presentation/bloc/get_most_popular_articles/get_most_popular_articles_bloc.dart
DA:14,2
DA:15,2
DA:18,1
DA:20,1
DA:22,3
DA:24,1
DA:25,4
DA:26,1
DA:27,2
DA:28,1
DA:30,2
LF:11
LH:11
end_of_record
SF:lib/src/presentation/bloc/get_most_popular_articles/get_most_popular_articles_event.dart
DA:4,1
DA:6,0
DA:7,0
DA:11,1
DA:15,0
DA:16,0
LF:6
LH:2
end_of_record
SF:lib/src/presentation/bloc/get_bookmarked_articles/get_book_marked_articles_state.dart
DA:4,3
DA:6,1
DA:7,1
DA:11,2
DA:15,2
DA:19,2
DA:23,1
DA:24,2
DA:28,2
DA:32,1
DA:33,2
DA:37,1
DA:41,1
DA:42,2
LF:14
LH:14
end_of_record
SF:lib/src/presentation/bloc/get_bookmarked_articles/get_book_marked_articles_event.dart
DA:4,1
DA:6,0
DA:7,0
DA:11,1
DA:13,0
DA:14,0
LF:6
LH:2
end_of_record
SF:lib/src/presentation/bloc/get_bookmarked_articles/get_book_marked_articles_bloc.dart
DA:13,2
DA:14,2
DA:17,1
DA:19,1
DA:21,2
DA:23,1
DA:24,3
DA:25,1
DA:26,1
DA:27,1
DA:29,2
DA:30,2
LF:12
LH:12
end_of_record
